[Sat Sep 13 22:15:00 IST 2025] Checking /home/joshua/Journal ...
[Sat Sep 13 22:15:00 IST 2025] Changes detected in /home/joshua/Journal. Pushing...
[main 91af16c] Daily auto update: 2025-09-13 22:15:00
 2 files changed, 5 insertions(+), 6 deletions(-)
 create mode 100644 cipher/ylLIU2AtZLVljHTt7ML9aw/qM8OOFKHFS3SllTa5C4MRA/-ODFZefJ27S8wqNxgmWqSA
ssh: Could not resolve hostname github.com: Temporary failure in name resolution
fatal: Could not read from remote repository.

Please make sure you have the correct access rights
and the repository exists.
[Sat Sep 13 22:15:00 IST 2025] Checking /home/joshua/dotfiles ...
[Sat Sep 13 22:15:00 IST 2025] Changes detected in /home/joshua/dotfiles. Pushing...
[main 2953213] Daily auto update: 2025-09-13 22:15:00
 2 files changed, 8 insertions(+), 39 deletions(-)
ssh: Could not resolve hostname github.com: Temporary failure in name resolution
fatal: Could not read from remote repository.

Please make sure you have the correct access rights
and the repository exists.
[Sat Sep 13 22:15:01 IST 2025] Checking /home/joshua/Second-Brain ...
[Sat Sep 13 22:15:01 IST 2025] Changes detected in /home/joshua/Second-Brain. Pushing...
[main 0564e6d] Daily auto update: 2025-09-13 22:15:00
 1 file changed, 8 insertions(+), 75 deletions(-)
ssh: Could not resolve hostname github.com: Temporary failure in name resolution
fatal: Could not read from remote repository.

Please make sure you have the correct access rights
and the repository exists.
[Sun Sep 14 07:43:41 IST 2025] Checking /home/joshua/Journal ...
[Sun Sep 14 07:43:41 IST 2025] Changes detected in /home/joshua/Journal. Pushing...
[main bf38a03] Daily auto update: 2025-09-14 07:43:41
 32 files changed, 92 insertions(+), 34 deletions(-)
 create mode 100644 Tracker.md
 create mode 100644 cipher/Mcw6wuvvepXCTnYwf2ehcQ/YbsQtgv46ArDfRLq9w1QHw/OjM7Zb8qarTrumri94q9ovSMxkJxFr0nJlCqShMWcp0
 create mode 100644 cipher/Mcw6wuvvepXCTnYwf2ehcQ/YbsQtgv46ArDfRLq9w1QHw/QqxBM-_MOCFMCAxM2RBZBYTXu5Ifzt0RCg-Tq_VVZuQ
 create mode 100644 cipher/Mcw6wuvvepXCTnYwf2ehcQ/YbsQtgv46ArDfRLq9w1QHw/hL56R1BQ5YG0fuM5WMuTfWbTWrPSONM8ivS1ws4MbFE
 create mode 100644 cipher/Mcw6wuvvepXCTnYwf2ehcQ/uTtLx_dKkuoSPzqHNl30SA/4sFJpqzhjxnOpE53Nx4DzQ
 create mode 100644 cipher/Mcw6wuvvepXCTnYwf2ehcQ/uTtLx_dKkuoSPzqHNl30SA/ZIEvPA8L0MEb-k2QwTyOSQ
 create mode 100644 cipher/Mcw6wuvvepXCTnYwf2ehcQ/uTtLx_dKkuoSPzqHNl30SA/wBfgqUhvIaOLHwYLo0hNiw
 create mode 100644 cipher/ylLIU2AtZLVljHTt7ML9aw/H8wauGvz0m071wVGephGGg/HT_zTK2l3ed3x6odMQqL0Q
 create mode 100644 cipher/ylLIU2AtZLVljHTt7ML9aw/H8wauGvz0m071wVGephGGg/IvagXGRY4QuIfJDtkbyQCQ
 create mode 100644 cipher/ylLIU2AtZLVljHTt7ML9aw/H8wauGvz0m071wVGephGGg/N9O26BS7Klm9W6vAF_UbdQ
 create mode 100644 cipher/ylLIU2AtZLVljHTt7ML9aw/H8wauGvz0m071wVGephGGg/Rcd1LXpWVQk1MlOeB6QVaw
 create mode 100644 cipher/ylLIU2AtZLVljHTt7ML9aw/H8wauGvz0m071wVGephGGg/Urp49wgxjy5kKaMy3st3Ug
 create mode 100644 cipher/ylLIU2AtZLVljHTt7ML9aw/H8wauGvz0m071wVGephGGg/WanqQlbXnOkNH9okr6J6ZA
 create mode 100644 cipher/ylLIU2AtZLVljHTt7ML9aw/H8wauGvz0m071wVGephGGg/cZlVTvFhEtDrpg9J__OpYQ
 create mode 100644 cipher/ylLIU2AtZLVljHTt7ML9aw/H8wauGvz0m071wVGephGGg/mSCWyywhaZwqp4BnlCGYCw
 create mode 100644 cipher/ylLIU2AtZLVljHTt7ML9aw/H8wauGvz0m071wVGephGGg/pLbOiD7GOW2EJytH7S-aqA
 create mode 100644 cipher/ylLIU2AtZLVljHTt7ML9aw/H8wauGvz0m071wVGephGGg/qmB3injtuxyPUkP-O3mmgg
 delete mode 100644 cipher/ylLIU2AtZLVljHTt7ML9aw/qM8OOFKHFS3SllTa5C4MRA/-ODFZefJ27S8wqNxgmWqSA
 delete mode 100644 cipher/ylLIU2AtZLVljHTt7ML9aw/qM8OOFKHFS3SllTa5C4MRA/6nDL92VK6OvM1qwqYKgaEA
 delete mode 100644 cipher/ylLIU2AtZLVljHTt7ML9aw/qM8OOFKHFS3SllTa5C4MRA/I3inyaP6u54_zoNeDLnl7Q
 delete mode 100644 cipher/ylLIU2AtZLVljHTt7ML9aw/qM8OOFKHFS3SllTa5C4MRA/K-tOe6yGznV_hi3km_OYog
 delete mode 100644 cipher/ylLIU2AtZLVljHTt7ML9aw/qM8OOFKHFS3SllTa5C4MRA/L_1j8w3KJpiEWTFrkQKXjQ
 delete mode 100644 cipher/ylLIU2AtZLVljHTt7ML9aw/qM8OOFKHFS3SllTa5C4MRA/N0c2ReY9EaBca4AdFThdwA
 delete mode 100644 cipher/ylLIU2AtZLVljHTt7ML9aw/qM8OOFKHFS3SllTa5C4MRA/PAwyL-QnYPVhsfMB-Mln0Q
 delete mode 100644 cipher/ylLIU2AtZLVljHTt7ML9aw/qM8OOFKHFS3SllTa5C4MRA/bJ1Hddof63d2y46ECUKcXA
 delete mode 100644 cipher/ylLIU2AtZLVljHTt7ML9aw/qM8OOFKHFS3SllTa5C4MRA/pUKl7aqKGEwW9nJSZ2_-_g
ssh: Could not resolve hostname github.com: Temporary failure in name resolution
fatal: Could not read from remote repository.

Please make sure you have the correct access rights
and the repository exists.
[Sun Sep 14 07:43:41 IST 2025] Checking /home/joshua/dotfiles ...
[Sun Sep 14 07:43:42 IST 2025] Changes detected in /home/joshua/dotfiles. Pushing...
[main eb39183] Daily auto update: 2025-09-14 07:43:41
 1 file changed, 53 insertions(+)
ssh: Could not resolve hostname github.com: Temporary failure in name resolution
fatal: Could not read from remote repository.

Please make sure you have the correct access rights
and the repository exists.
[Sun Sep 14 07:43:42 IST 2025] Checking /home/joshua/Second-Brain ...
[Sun Sep 14 07:43:42 IST 2025] Changes detected in /home/joshua/Second-Brain. Pushing...
[main 5150b5e] Daily auto update: 2025-09-14 07:43:41
 1 file changed, 1 insertion(+), 1 deletion(-)
ssh: Could not resolve hostname github.com: Temporary failure in name resolution
fatal: Could not read from remote repository.

Please make sure you have the correct access rights
and the repository exists.
[Sun Sep 14 11:23:07 IST 2025] Checking /home/joshua/Journal ...
[Sun Sep 14 11:23:08 IST 2025] Already committed today in /home/joshua/Journal. Skipping.
[Sun Sep 14 11:23:08 IST 2025] Checking /home/joshua/dotfiles ...
[Sun Sep 14 11:23:08 IST 2025] Already committed today in /home/joshua/dotfiles. Skipping.
[Sun Sep 14 11:23:08 IST 2025] Checking /home/joshua/Second-Brain ...
[Sun Sep 14 11:23:08 IST 2025] Already committed today in /home/joshua/Second-Brain. Skipping.
[Sun Sep 14 11:25:09 IST 2025] Checking /home/joshua/Journal ...
[Sun Sep 14 11:25:09 IST 2025] Already committed today in /home/joshua/Journal. Skipping.
[Sun Sep 14 11:25:09 IST 2025] Checking /home/joshua/dotfiles ...
[Sun Sep 14 11:25:09 IST 2025] Already committed today in /home/joshua/dotfiles. Skipping.
[Sun Sep 14 11:25:09 IST 2025] Checking /home/joshua/Second-Brain ...
[Sun Sep 14 11:25:09 IST 2025] Already committed today in /home/joshua/Second-Brain. Skipping.
[Sun Sep 14 12:02:55 IST 2025] Checking /home/joshua/Journal ...
[Sun Sep 14 12:02:55 IST 2025] Already committed today in /home/joshua/Journal. Skipping.
[Sun Sep 14 12:02:55 IST 2025] Checking /home/joshua/dotfiles ...
[Sun Sep 14 12:02:55 IST 2025] Already committed today in /home/joshua/dotfiles. Skipping.
[Sun Sep 14 12:02:55 IST 2025] Checking /home/joshua/Second-Brain ...
[Sun Sep 14 12:02:55 IST 2025] Already committed today in /home/joshua/Second-Brain. Skipping.
[Mon Sep 15 13:30:40 IST 2025] Checking /home/joshua/Journal ...
[Mon Sep 15 13:30:41 IST 2025] No changes in /home/joshua/Journal. Skipping push.
[Mon Sep 15 13:30:41 IST 2025] Checking /home/joshua/dotfiles ...
[Mon Sep 15 13:30:41 IST 2025] Changes detected in /home/joshua/dotfiles. Pushing...
[main 40e93fd] Daily auto update: 2025-09-15 13:30:40
 2 files changed, 48 insertions(+), 1 deletion(-)
ssh: Could not resolve hostname github.com: Temporary failure in name resolution
fatal: Could not read from remote repository.

Please make sure you have the correct access rights
and the repository exists.
[Mon Sep 15 13:30:41 IST 2025] Checking /home/joshua/Second-Brain ...
[Mon Sep 15 13:30:41 IST 2025] No changes in /home/joshua/Second-Brain. Skipping push.
