[Sat Sep 13 14:53:15 IST 2025] Changes detected. Pushing...
[main fcb9e4e] Auto update: 2025-09-13 14:53:15
 45 files changed, 48 insertions(+), 159 deletions(-)
 create mode 100644 cipher/Mcw6wuvvepXCTnYwf2ehcQ/YbsQtgv46ArDfRLq9w1QHw/ESQSACdHOKLUo2DwiLJO4xdE3GG_w3V_4NFOiLFrbOk
 create mode 100644 cipher/Mcw6wuvvepXCTnYwf2ehcQ/YbsQtgv46ArDfRLq9w1QHw/HoKZMG2UOg0zAJU5FlbngSEevWkHtd1GR-UEJeYBuiU
 create mode 100644 cipher/Mcw6wuvvepXCTnYwf2ehcQ/YbsQtgv46ArDfRLq9w1QHw/Yt9GEcsbY6i-QZ2dvA6RLaHSgvsPzL6LI05pQdjmu1w
 create mode 100644 cipher/Mcw6wuvvepXCTnYwf2ehcQ/YbsQtgv46ArDfRLq9w1QHw/m3pZp86VFIwrl91lhmY6yxG0maHDCe3V-A8bo-25xdo
 create mode 100644 cipher/Mcw6wuvvepXCTnYwf2ehcQ/YbsQtgv46ArDfRLq9w1QHw/x9sXNaPU8pZZevl438dpOTHb2ZC25gLDA2eQjhtnsUY
 create mode 100644 cipher/Mcw6wuvvepXCTnYwf2ehcQ/uTtLx_dKkuoSPzqHNl30SA/FHZ6JgDHHxDBxPdR_Y9sgA
 create mode 100644 cipher/Mcw6wuvvepXCTnYwf2ehcQ/uTtLx_dKkuoSPzqHNl30SA/GNVRxkvxMvECeMElqRv5yg
 create mode 100644 cipher/Mcw6wuvvepXCTnYwf2ehcQ/uTtLx_dKkuoSPzqHNl30SA/KGZULV1oBkoXrSnfRZiQwQ
 create mode 100644 cipher/Mcw6wuvvepXCTnYwf2ehcQ/uTtLx_dKkuoSPzqHNl30SA/YS9eyuWWt38B943WaQlpNg
 create mode 100644 cipher/Mcw6wuvvepXCTnYwf2ehcQ/uTtLx_dKkuoSPzqHNl30SA/dOzxO0Z4GI_FI8xtiMF-eQ
 create mode 100644 cipher/_aTUp6Mc0zGEHNVfx10i4g/p-LpSMSb-xPnN7072DYGIw/3XWZSl72Mn56Djj01ykmwg
 create mode 100644 cipher/clxe7g8Kde5xG0VyhyXooA/LYA62dKNHLTfzjZROyXg6A
 delete mode 100644 cipher/clxe7g8Kde5xG0VyhyXooA/Nwu9rOcwqBAA_qeprX1xig
 create mode 100644 cipher/clxe7g8Kde5xG0VyhyXooA/_4Mxg9InzkSqxT9S-Mk5jQ
 create mode 100644 cipher/clxe7g8Kde5xG0VyhyXooA/dG624Hi3a3RhVKK5Jh_UpA
 create mode 100644 cipher/clxe7g8Kde5xG0VyhyXooA/gTsusvMuQ2y8GzRKcWFdlQ
 create mode 100644 cipher/clxe7g8Kde5xG0VyhyXooA/nKfXw3Whklt5tWIS25YWCQ
 create mode 100644 cipher/clxe7g8Kde5xG0VyhyXooA/oMh2--fTjdxV00GIk-EqhQ
 create mode 100644 cipher/clxe7g8Kde5xG0VyhyXooA/rJ6wOJfHbFAzbfVQJgeN8Q
 create mode 100644 cipher/ylLIU2AtZLVljHTt7ML9aw/H8wauGvz0m071wVGephGGg/9Nfu2msgBn0Dz4Rs8ui71A
 create mode 100644 cipher/ylLIU2AtZLVljHTt7ML9aw/H8wauGvz0m071wVGephGGg/FDU8m8MB_qW0ie42dtoylQ
 create mode 100644 cipher/ylLIU2AtZLVljHTt7ML9aw/H8wauGvz0m071wVGephGGg/Ia3rvI1jXuumgs2TRG9log
 create mode 100644 cipher/ylLIU2AtZLVljHTt7ML9aw/H8wauGvz0m071wVGephGGg/gocryptfs.diriv
 create mode 100644 cipher/ylLIU2AtZLVljHTt7ML9aw/qM8OOFKHFS3SllTa5C4MRA/0Yr3IK2Heap586xTrIEyZA
 create mode 100644 cipher/ylLIU2AtZLVljHTt7ML9aw/qM8OOFKHFS3SllTa5C4MRA/6nDL92VK6OvM1qwqYKgaEA
 create mode 100644 cipher/ylLIU2AtZLVljHTt7ML9aw/qM8OOFKHFS3SllTa5C4MRA/8BdpqAuf2NeP7xxcyR_y_w
 create mode 100644 cipher/ylLIU2AtZLVljHTt7ML9aw/qM8OOFKHFS3SllTa5C4MRA/AqtjQ6ZztjZzU95q7clp5A
 create mode 100644 cipher/ylLIU2AtZLVljHTt7ML9aw/qM8OOFKHFS3SllTa5C4MRA/CBkIglMTAWAjOzvZ1iYuWg
 create mode 100644 cipher/ylLIU2AtZLVljHTt7ML9aw/qM8OOFKHFS3SllTa5C4MRA/EsPqw0Ct84IbQa8OJaCWgQ
 create mode 100644 cipher/ylLIU2AtZLVljHTt7ML9aw/qM8OOFKHFS3SllTa5C4MRA/I3inyaP6u54_zoNeDLnl7Q
 create mode 100644 cipher/ylLIU2AtZLVljHTt7ML9aw/qM8OOFKHFS3SllTa5C4MRA/K-tOe6yGznV_hi3km_OYog
 create mode 100644 cipher/ylLIU2AtZLVljHTt7ML9aw/qM8OOFKHFS3SllTa5C4MRA/L_1j8w3KJpiEWTFrkQKXjQ
 create mode 100644 cipher/ylLIU2AtZLVljHTt7ML9aw/qM8OOFKHFS3SllTa5C4MRA/LqTqUxDRsqkEufHkN6-xnw
 create mode 100644 cipher/ylLIU2AtZLVljHTt7ML9aw/qM8OOFKHFS3SllTa5C4MRA/N0c2ReY9EaBca4AdFThdwA
 create mode 100644 cipher/ylLIU2AtZLVljHTt7ML9aw/qM8OOFKHFS3SllTa5C4MRA/OEnpd9ZgXS8mGY8Vg6EBSQ
 create mode 100644 cipher/ylLIU2AtZLVljHTt7ML9aw/qM8OOFKHFS3SllTa5C4MRA/PAwyL-QnYPVhsfMB-Mln0Q
 create mode 100644 cipher/ylLIU2AtZLVljHTt7ML9aw/qM8OOFKHFS3SllTa5C4MRA/_1hDhFhQul9-I6tst7EM3w
 create mode 100644 cipher/ylLIU2AtZLVljHTt7ML9aw/qM8OOFKHFS3SllTa5C4MRA/bJ1Hddof63d2y46ECUKcXA
 create mode 100644 cipher/ylLIU2AtZLVljHTt7ML9aw/qM8OOFKHFS3SllTa5C4MRA/eYdLJtiKDGhLHrnxjVQ_ZQ
 create mode 100644 cipher/ylLIU2AtZLVljHTt7ML9aw/qM8OOFKHFS3SllTa5C4MRA/pUKl7aqKGEwW9nJSZ2_-_g
 create mode 100644 cipher/ylLIU2AtZLVljHTt7ML9aw/qM8OOFKHFS3SllTa5C4MRA/wvCqBhXQpoHsbi8BN6hx8w
To github.com:joshua-sajeev/journal.git
   6adc1e4..fcb9e4e  main -> main
[Sat Sep 13 14:53:52 IST 2025] No changes. Skipping push.
[Sat Sep 13 14:55:00 IST 2025] No changes. Skipping push.
